[3.711s] DEBUG:colcon:Command line arguments: ['/usr/bin/colcon', 'build']
[3.712s] DEBUG:colcon:Parsed command line arguments: Namespace(log_base=None, log_level=None, verb_name='build', build_base='build', install_base='install', merge_install=False, symlink_install=False, test_result_base=None, continue_on_error=False, executor='parallel', parallel_workers=8, event_handlers=None, ignore_user_meta=False, metas=['./colcon.meta'], base_paths=['.'], packages_ignore=None, packages_ignore_regex=None, paths=None, packages_up_to=None, packages_up_to_regex=None, packages_above=None, packages_above_and_dependencies=None, packages_above_depth=None, packages_select_by_dep=None, packages_skip_by_dep=None, packages_skip_up_to=None, packages_select_build_failed=False, packages_skip_build_finished=False, packages_select_test_failures=False, packages_skip_test_passed=False, packages_select=None, packages_skip=None, packages_select_regex=None, packages_skip_regex=None, packages_start=None, packages_end=None, allow_overriding=[], bazel_args=None, bazel_task=None, cmake_args=None, cmake_target=None, cmake_target_skip_unavailable=False, cmake_clean_cache=False, cmake_clean_first=False, cmake_force_configure=False, meson_args=[], ament_cmake_args=None, catkin_cmake_args=None, catkin_skip_building_tests=False, mixin_files=None, mixin=None, verb_parser=<colcon_alias.argument_parser.alias.AliasArgumentDecorator object at 0xffffacff22c0>, verb_extension=<colcon_core.verb.build.BuildVerb object at 0xffffacff10f0>, main=<bound method BuildVerb.main of <colcon_core.verb.build.BuildVerb object at 0xffffacff10f0>>, mixin_verb=('build',))
[5.140s] Level 1:colcon.colcon_core.package_discovery:discover_packages(colcon_meta) check parameters
[5.141s] Level 1:colcon.colcon_core.package_discovery:discover_packages(recursive) check parameters
[5.141s] Level 1:colcon.colcon_core.package_discovery:discover_packages(ignore) check parameters
[5.141s] Level 1:colcon.colcon_core.package_discovery:discover_packages(path) check parameters
[5.141s] Level 1:colcon.colcon_core.package_discovery:discover_packages(colcon_meta) discover
[5.142s] Level 1:colcon.colcon_core.package_discovery:discover_packages(recursive) discover
[5.142s] INFO:colcon.colcon_core.package_discovery:Crawling recursively for packages in '/root/colcon_ws'
[5.142s] Level 1:colcon.colcon_core.package_identification:_identify(.) by extensions ['ignore', 'ignore_ament_install']
[5.143s] Level 1:colcon.colcon_core.package_identification:_identify(.) by extension 'ignore'
[5.143s] Level 1:colcon.colcon_core.package_identification:_identify(.) by extension 'ignore_ament_install'
[5.144s] Level 1:colcon.colcon_core.package_identification:_identify(.) by extensions ['colcon_pkg']
[5.144s] Level 1:colcon.colcon_core.package_identification:_identify(.) by extension 'colcon_pkg'
[5.144s] Level 1:colcon.colcon_core.package_identification:_identify(.) by extensions ['colcon_meta']
[5.144s] Level 1:colcon.colcon_core.package_identification:_identify(.) by extension 'colcon_meta'
[5.144s] Level 1:colcon.colcon_core.package_identification:_identify(.) by extensions ['ros']
[5.145s] Level 1:colcon.colcon_core.package_identification:_identify(.) by extension 'ros'
[5.189s] Level 1:colcon.colcon_core.package_identification:_identify(.) by extensions ['bazel', 'cmake', 'meson', 'python']
[5.189s] Level 1:colcon.colcon_core.package_identification:_identify(.) by extension 'bazel'
[5.189s] Level 1:colcon.colcon_core.package_identification:_identify(.) by extension 'cmake'
[5.190s] Level 1:colcon.colcon_core.package_identification:_identify(.) by extension 'meson'
[5.190s] Level 1:colcon.colcon_core.package_identification:_identify(.) by extension 'python'
[5.191s] Level 1:colcon.colcon_core.package_identification:_identify(.) by extensions ['python_setup_py']
[5.191s] Level 1:colcon.colcon_core.package_identification:_identify(.) by extension 'python_setup_py'
[5.192s] Level 1:colcon.colcon_core.package_identification:_identify(build) by extensions ['ignore', 'ignore_ament_install']
[5.193s] Level 1:colcon.colcon_core.package_identification:_identify(build) by extension 'ignore'
[5.193s] Level 1:colcon.colcon_core.package_identification:_identify(build) ignored
[5.198s] Level 1:colcon.colcon_core.package_identification:_identify(install) by extensions ['ignore', 'ignore_ament_install']
[5.199s] Level 1:colcon.colcon_core.package_identification:_identify(install) by extension 'ignore'
[5.199s] Level 1:colcon.colcon_core.package_identification:_identify(install) ignored
[5.200s] Level 1:colcon.colcon_core.package_identification:_identify(log) by extensions ['ignore', 'ignore_ament_install']
[5.201s] Level 1:colcon.colcon_core.package_identification:_identify(log) by extension 'ignore'
[5.201s] Level 1:colcon.colcon_core.package_identification:_identify(log) ignored
[5.205s] Level 1:colcon.colcon_core.package_identification:_identify(src) by extensions ['ignore', 'ignore_ament_install']
[5.205s] Level 1:colcon.colcon_core.package_identification:_identify(src) by extension 'ignore'
[5.205s] Level 1:colcon.colcon_core.package_identification:_identify(src) by extension 'ignore_ament_install'
[5.206s] Level 1:colcon.colcon_core.package_identification:_identify(src) by extensions ['colcon_pkg']
[5.206s] Level 1:colcon.colcon_core.package_identification:_identify(src) by extension 'colcon_pkg'
[5.206s] Level 1:colcon.colcon_core.package_identification:_identify(src) by extensions ['colcon_meta']
[5.207s] Level 1:colcon.colcon_core.package_identification:_identify(src) by extension 'colcon_meta'
[5.207s] Level 1:colcon.colcon_core.package_identification:_identify(src) by extensions ['ros']
[5.207s] Level 1:colcon.colcon_core.package_identification:_identify(src) by extension 'ros'
[5.208s] Level 1:colcon.colcon_core.package_identification:_identify(src) by extensions ['bazel', 'cmake', 'meson', 'python']
[5.208s] Level 1:colcon.colcon_core.package_identification:_identify(src) by extension 'bazel'
[5.208s] Level 1:colcon.colcon_core.package_identification:_identify(src) by extension 'cmake'
[5.208s] Level 1:colcon.colcon_core.package_identification:_identify(src) by extension 'meson'
[5.209s] Level 1:colcon.colcon_core.package_identification:_identify(src) by extension 'python'
[5.209s] Level 1:colcon.colcon_core.package_identification:_identify(src) by extensions ['python_setup_py']
[5.209s] Level 1:colcon.colcon_core.package_identification:_identify(src) by extension 'python_setup_py'
[5.214s] Level 1:colcon.colcon_core.package_identification:_identify(src/volcano_ark_ros) by extensions ['ignore', 'ignore_ament_install']
[5.215s] Level 1:colcon.colcon_core.package_identification:_identify(src/volcano_ark_ros) by extension 'ignore'
[5.215s] Level 1:colcon.colcon_core.package_identification:_identify(src/volcano_ark_ros) by extension 'ignore_ament_install'
[5.216s] Level 1:colcon.colcon_core.package_identification:_identify(src/volcano_ark_ros) by extensions ['colcon_pkg']
[5.216s] Level 1:colcon.colcon_core.package_identification:_identify(src/volcano_ark_ros) by extension 'colcon_pkg'
[5.217s] Level 1:colcon.colcon_core.package_identification:_identify(src/volcano_ark_ros) by extensions ['colcon_meta']
[5.217s] Level 1:colcon.colcon_core.package_identification:_identify(src/volcano_ark_ros) by extension 'colcon_meta'
[5.217s] Level 1:colcon.colcon_core.package_identification:_identify(src/volcano_ark_ros) by extensions ['ros']
[5.218s] Level 1:colcon.colcon_core.package_identification:_identify(src/volcano_ark_ros) by extension 'ros'
[5.245s] DEBUG:colcon.colcon_core.package_identification:Package 'src/volcano_ark_ros' with type 'ros.ament_python' and name 'volcano_ark_ros'
[5.246s] Level 1:colcon.colcon_core.package_discovery:discover_packages(recursive) using defaults
[5.246s] Level 1:colcon.colcon_core.package_discovery:discover_packages(ignore) discover
[5.246s] Level 1:colcon.colcon_core.package_discovery:discover_packages(ignore) using defaults
[5.246s] Level 1:colcon.colcon_core.package_discovery:discover_packages(path) discover
[5.247s] Level 1:colcon.colcon_core.package_discovery:discover_packages(path) using defaults
[5.396s] Level 1:colcon.colcon_core.package_discovery:discover_packages(prefix_path) check parameters
[5.396s] Level 1:colcon.colcon_core.package_discovery:discover_packages(prefix_path) discover
[5.433s] DEBUG:colcon.colcon_installed_package_information.package_discovery:Found 20 installed packages in /userdata/dev_ws/install
[5.438s] DEBUG:colcon.colcon_installed_package_information.package_discovery:Found 54 installed packages in /opt/tros/humble
[5.452s] DEBUG:colcon.colcon_installed_package_information.package_discovery:Found 187 installed packages in /opt/ros/humble
[5.461s] Level 1:colcon.colcon_core.package_discovery:discover_packages(prefix_path) using defaults
[5.818s] Level 5:colcon.colcon_core.verb:set package 'volcano_ark_ros' build argument 'bazel_args' from command line to 'None'
[5.818s] Level 5:colcon.colcon_core.verb:set package 'volcano_ark_ros' build argument 'bazel_task' from command line to 'None'
[5.818s] Level 5:colcon.colcon_core.verb:set package 'volcano_ark_ros' build argument 'cmake_args' from command line to 'None'
[5.818s] Level 5:colcon.colcon_core.verb:set package 'volcano_ark_ros' build argument 'cmake_target' from command line to 'None'
[5.819s] Level 5:colcon.colcon_core.verb:set package 'volcano_ark_ros' build argument 'cmake_target_skip_unavailable' from command line to 'False'
[5.819s] Level 5:colcon.colcon_core.verb:set package 'volcano_ark_ros' build argument 'cmake_clean_cache' from command line to 'False'
[5.819s] Level 5:colcon.colcon_core.verb:set package 'volcano_ark_ros' build argument 'cmake_clean_first' from command line to 'False'
[5.819s] Level 5:colcon.colcon_core.verb:set package 'volcano_ark_ros' build argument 'cmake_force_configure' from command line to 'False'
[5.819s] Level 5:colcon.colcon_core.verb:set package 'volcano_ark_ros' build argument 'meson_args' from command line to '[]'
[5.820s] Level 5:colcon.colcon_core.verb:set package 'volcano_ark_ros' build argument 'ament_cmake_args' from command line to 'None'
[5.820s] Level 5:colcon.colcon_core.verb:set package 'volcano_ark_ros' build argument 'catkin_cmake_args' from command line to 'None'
[5.820s] Level 5:colcon.colcon_core.verb:set package 'volcano_ark_ros' build argument 'catkin_skip_building_tests' from command line to 'False'
[5.820s] DEBUG:colcon.colcon_core.verb:Building package 'volcano_ark_ros' with the following arguments: {'ament_cmake_args': None, 'bazel_args': None, 'bazel_task': None, 'build_base': '/root/colcon_ws/build/volcano_ark_ros', 'catkin_cmake_args': None, 'catkin_skip_building_tests': False, 'cmake_args': None, 'cmake_clean_cache': False, 'cmake_clean_first': False, 'cmake_force_configure': False, 'cmake_target': None, 'cmake_target_skip_unavailable': False, 'install_base': '/root/colcon_ws/install/volcano_ark_ros', 'merge_install': False, 'meson_args': [], 'path': '/root/colcon_ws/src/volcano_ark_ros', 'symlink_install': False, 'test_result_base': None}
[5.821s] INFO:colcon.colcon_core.executor:Executing jobs using 'parallel' executor
[5.828s] DEBUG:colcon.colcon_parallel_executor.executor.parallel:run_until_complete
[5.829s] INFO:colcon.colcon_ros.task.ament_python.build:Building ROS package in '/root/colcon_ws/src/volcano_ark_ros' with build type 'ament_python'
[5.830s] Level 1:colcon.colcon_core.shell:create_environment_hook('volcano_ark_ros', 'ament_prefix_path')
[6.412s] INFO:colcon.colcon_core.plugin_system:Skipping extension 'colcon_core.shell.bat': Not used on non-Windows systems
[6.415s] INFO:colcon.colcon_core.shell:Creating environment hook '/root/colcon_ws/install/volcano_ark_ros/share/volcano_ark_ros/hook/ament_prefix_path.ps1'
[6.458s] INFO:colcon.colcon_core.shell:Creating environment descriptor '/root/colcon_ws/install/volcano_ark_ros/share/volcano_ark_ros/hook/ament_prefix_path.dsv'
[6.593s] INFO:colcon.colcon_core.shell:Creating environment hook '/root/colcon_ws/install/volcano_ark_ros/share/volcano_ark_ros/hook/ament_prefix_path.sh'
[6.603s] DEBUG:colcon.colcon_ros_domain_id_coordinator.shell.ros_domain_id:Allocated ROS_DOMAIN_ID=23 for '/root/colcon_ws/build/volcano_ark_ros'
[6.604s] INFO:colcon.colcon_core.shell:Skip shell extension 'ros_domain_id' for command environment: 
[6.604s] INFO:colcon.colcon_core.shell:Skip shell extension 'powershell' for command environment: Not usable outside of PowerShell
[6.604s] DEBUG:colcon.colcon_core.shell:Skip shell extension 'dsv' for command environment
[9.533s] INFO:colcon.colcon_core.task.python.build:Building Python package in '/root/colcon_ws/src/volcano_ark_ros'
[9.537s] DEBUG:colcon.colcon_ros_domain_id_coordinator.shell.ros_domain_id:Allocated ROS_DOMAIN_ID=23 for '/root/colcon_ws/build/volcano_ark_ros'
[9.538s] INFO:colcon.colcon_core.shell:Skip shell extension 'ros_domain_id' for command environment: 
[9.538s] INFO:colcon.colcon_core.shell:Skip shell extension 'powershell' for command environment: Not usable outside of PowerShell
[9.538s] DEBUG:colcon.colcon_core.shell:Skip shell extension 'dsv' for command environment
[12.273s] DEBUG:colcon.colcon_core.event_handler.log_command:Invoking command in '/root/colcon_ws/src/volcano_ark_ros': PYTHONPATH=/root/colcon_ws/build/volcano_ark_ros/prefix_override:/usr/lib/python3/dist-packages/colcon_core/task/python/colcon_distutils_commands:/root/colcon_ws/install/volcano_ark_ros/lib/python3.10/site-packages:${PYTHONPATH} /usr/bin/python3 -W ignore:setup.py install is deprecated -W ignore:easy_install command is deprecated setup.py egg_info --egg-base ../../build/volcano_ark_ros build --build-base /root/colcon_ws/build/volcano_ark_ros/build install --record /root/colcon_ws/build/volcano_ark_ros/install.log --single-version-externally-managed install_data
[15.171s] DEBUG:colcon.colcon_core.event_handler.log_command:Invoked command in '/root/colcon_ws/src/volcano_ark_ros' returned '0': PYTHONPATH=/root/colcon_ws/build/volcano_ark_ros/prefix_override:/usr/lib/python3/dist-packages/colcon_core/task/python/colcon_distutils_commands:/root/colcon_ws/install/volcano_ark_ros/lib/python3.10/site-packages:${PYTHONPATH} /usr/bin/python3 -W ignore:setup.py install is deprecated -W ignore:easy_install command is deprecated setup.py egg_info --egg-base ../../build/volcano_ark_ros build --build-base /root/colcon_ws/build/volcano_ark_ros/build install --record /root/colcon_ws/build/volcano_ark_ros/install.log --single-version-externally-managed install_data
[15.634s] Level 1:colcon.colcon_core.environment:checking '/root/colcon_ws/install/volcano_ark_ros' for CMake module files
[15.661s] Level 1:colcon.colcon_core.environment:checking '/root/colcon_ws/install/volcano_ark_ros' for CMake config files
[15.683s] Level 1:colcon.colcon_core.environment:checking '/root/colcon_ws/install/volcano_ark_ros/lib'
[15.684s] Level 1:colcon.colcon_core.environment:checking '/root/colcon_ws/install/volcano_ark_ros/bin'
[15.685s] Level 1:colcon.colcon_core.environment:checking '/root/colcon_ws/install/volcano_ark_ros/lib/pkgconfig/volcano_ark_ros.pc'
[15.686s] Level 1:colcon.colcon_core.environment:checking '/root/colcon_ws/install/volcano_ark_ros/lib/python3.10/site-packages'
[15.687s] Level 1:colcon.colcon_core.shell:create_environment_hook('volcano_ark_ros', 'pythonpath')
[15.689s] INFO:colcon.colcon_core.shell:Creating environment hook '/root/colcon_ws/install/volcano_ark_ros/share/volcano_ark_ros/hook/pythonpath.ps1'
[15.715s] INFO:colcon.colcon_core.shell:Creating environment descriptor '/root/colcon_ws/install/volcano_ark_ros/share/volcano_ark_ros/hook/pythonpath.dsv'
[15.717s] INFO:colcon.colcon_core.shell:Creating environment hook '/root/colcon_ws/install/volcano_ark_ros/share/volcano_ark_ros/hook/pythonpath.sh'
[15.720s] Level 1:colcon.colcon_core.environment:checking '/root/colcon_ws/install/volcano_ark_ros/bin'
[15.721s] Level 1:colcon.colcon_core.environment:create_environment_scripts_only(volcano_ark_ros)
[15.723s] INFO:colcon.colcon_core.shell:Creating package script '/root/colcon_ws/install/volcano_ark_ros/share/volcano_ark_ros/package.ps1'
[15.761s] INFO:colcon.colcon_core.shell:Creating package descriptor '/root/colcon_ws/install/volcano_ark_ros/share/volcano_ark_ros/package.dsv'
[15.770s] INFO:colcon.colcon_core.shell:Creating package script '/root/colcon_ws/install/volcano_ark_ros/share/volcano_ark_ros/package.sh'
[15.777s] INFO:colcon.colcon_core.shell:Creating package script '/root/colcon_ws/install/volcano_ark_ros/share/volcano_ark_ros/package.bash'
[15.784s] INFO:colcon.colcon_core.shell:Creating package script '/root/colcon_ws/install/volcano_ark_ros/share/volcano_ark_ros/package.zsh'
[15.794s] Level 1:colcon.colcon_core.environment:create_file_with_runtime_dependencies(/root/colcon_ws/install/volcano_ark_ros/share/colcon-core/packages/volcano_ark_ros)
[15.796s] DEBUG:colcon.colcon_parallel_executor.executor.parallel:closing loop
[15.797s] DEBUG:colcon.colcon_ros_domain_id_coordinator.shell.ros_domain_id:Released ROS_DOMAIN_ID=23 for '/root/colcon_ws/build/volcano_ark_ros'
[15.798s] DEBUG:colcon.colcon_parallel_executor.executor.parallel:loop closed
[15.799s] DEBUG:colcon.colcon_parallel_executor.executor.parallel:run_until_complete finished with '0'
[15.799s] DEBUG:colcon.colcon_core.event_reactor:joining thread
[15.888s] INFO:colcon.colcon_core.plugin_system:Skipping extension 'colcon_notification.desktop_notification.notify_send': Could not find 'notify-send'
[15.889s] INFO:colcon.colcon_core.plugin_system:Skipping extension 'colcon_notification.desktop_notification.terminal_notifier': Not used on non-Darwin systems
[15.889s] INFO:colcon.colcon_core.plugin_system:Skipping extension 'colcon_notification.desktop_notification.win32': Not used on non-Windows systems
[15.889s] INFO:colcon.colcon_notification.desktop_notification:Sending desktop notification using 'notify2'
[15.902s] DEBUG:colcon.colcon_notification.desktop_notification.notify2:Failed to initialize notify2: org.freedesktop.DBus.Error.Spawn.ExecFailed: /usr/bin/dbus-launch terminated abnormally without any error message
[15.903s] DEBUG:colcon.colcon_core.event_reactor:joined thread
[15.905s] INFO:colcon.colcon_core.shell:Creating prefix script '/root/colcon_ws/install/local_setup.ps1'
[15.915s] INFO:colcon.colcon_core.shell:Creating prefix util module '/root/colcon_ws/install/_local_setup_util_ps1.py'
[15.927s] INFO:colcon.colcon_core.shell:Creating prefix chain script '/root/colcon_ws/install/setup.ps1'
[15.952s] INFO:colcon.colcon_core.shell:Creating prefix script '/root/colcon_ws/install/local_setup.sh'
[15.957s] INFO:colcon.colcon_core.shell:Creating prefix util module '/root/colcon_ws/install/_local_setup_util_sh.py'
[15.961s] INFO:colcon.colcon_core.shell:Creating prefix chain script '/root/colcon_ws/install/setup.sh'
[15.975s] INFO:colcon.colcon_core.shell:Creating prefix script '/root/colcon_ws/install/local_setup.bash'
[15.983s] INFO:colcon.colcon_core.shell:Creating prefix chain script '/root/colcon_ws/install/setup.bash'
[15.996s] INFO:colcon.colcon_core.shell:Creating prefix script '/root/colcon_ws/install/local_setup.zsh'
[16.001s] INFO:colcon.colcon_core.shell:Creating prefix chain script '/root/colcon_ws/install/setup.zsh'
[16.013s] INFO:colcon.colcon_core.shell:Creating '/root/colcon_ws/install/spawn_shell.bash'
