[5.055s] Invoking command in '/root/colcon_ws/src/volcano_ark_ros': PYTHONPATH=/root/colcon_ws/build/volcano_ark_ros/prefix_override:/usr/lib/python3/dist-packages/colcon_core/task/python/colcon_distutils_commands:/root/colcon_ws/install/volcano_ark_ros/lib/python3.10/site-packages:${PYTHONPATH} /usr/bin/python3 -W ignore:setup.py install is deprecated -W ignore:easy_install command is deprecated setup.py egg_info --egg-base ../../build/volcano_ark_ros build --build-base /root/colcon_ws/build/volcano_ark_ros/build install --record /root/colcon_ws/build/volcano_ark_ros/install.log --single-version-externally-managed install_data
[6.736s] running egg_info
[6.742s] writing ../../build/volcano_ark_ros/volcano_ark_ros.egg-info/PKG-INFO
[6.925s] writing dependency_links to ../../build/volcano_ark_ros/volcano_ark_ros.egg-info/dependency_links.txt
[6.926s] writing entry points to ../../build/volcano_ark_ros/volcano_ark_ros.egg-info/entry_points.txt
[6.929s] writing requirements to ../../build/volcano_ark_ros/volcano_ark_ros.egg-info/requires.txt
[6.930s] writing top-level names to ../../build/volcano_ark_ros/volcano_ark_ros.egg-info/top_level.txt
[6.962s] reading manifest file '../../build/volcano_ark_ros/volcano_ark_ros.egg-info/SOURCES.txt'
[6.975s] writing manifest file '../../build/volcano_ark_ros/volcano_ark_ros.egg-info/SOURCES.txt'
[6.977s] running build
[6.978s] running build_py
[6.979s] copying volcano_ark_ros/web_interface_node.py -> /root/colcon_ws/build/volcano_ark_ros/build/lib/volcano_ark_ros
[6.992s] running install
[6.995s] running install_lib
[7.010s] copying /root/colcon_ws/build/volcano_ark_ros/build/lib/volcano_ark_ros/web_interface_node.py -> /root/colcon_ws/install/volcano_ark_ros/lib/python3.10/site-packages/volcano_ark_ros
[7.023s] byte-compiling /root/colcon_ws/install/volcano_ark_ros/lib/python3.10/site-packages/volcano_ark_ros/web_interface_node.py to web_interface_node.cpython-310.pyc
[7.088s] running install_data
[7.089s] running install_egg_info
[7.111s] removing '/root/colcon_ws/install/volcano_ark_ros/lib/python3.10/site-packages/volcano_ark_ros-0.0.0-py3.10.egg-info' (and everything under it)
[7.141s] Copying ../../build/volcano_ark_ros/volcano_ark_ros.egg-info to /root/colcon_ws/install/volcano_ark_ros/lib/python3.10/site-packages/volcano_ark_ros-0.0.0-py3.10.egg-info
[7.148s] running install_scripts
[7.310s] Installing image_caption_node script to /root/colcon_ws/install/volcano_ark_ros/lib/volcano_ark_ros
[7.316s] Installing image_publisher_node script to /root/colcon_ws/install/volcano_ark_ros/lib/volcano_ark_ros
[7.316s] Installing originman_action_node script to /root/colcon_ws/install/volcano_ark_ros/lib/volcano_ark_ros
[7.317s] Installing text_to_speech_node script to /root/colcon_ws/install/volcano_ark_ros/lib/volcano_ark_ros
[7.318s] Installing web_interface_node script to /root/colcon_ws/install/volcano_ark_ros/lib/volcano_ark_ros
[7.332s] writing list of installed files to '/root/colcon_ws/build/volcano_ark_ros/install.log'
[7.559s] Invoked command in '/root/colcon_ws/src/volcano_ark_ros' returned '0': PYTHONPATH=/root/colcon_ws/build/volcano_ark_ros/prefix_override:/usr/lib/python3/dist-packages/colcon_core/task/python/colcon_distutils_commands:/root/colcon_ws/install/volcano_ark_ros/lib/python3.10/site-packages:${PYTHONPATH} /usr/bin/python3 -W ignore:setup.py install is deprecated -W ignore:easy_install command is deprecated setup.py egg_info --egg-base ../../build/volcano_ark_ros build --build-base /root/colcon_ws/build/volcano_ark_ros/build install --record /root/colcon_ws/build/volcano_ark_ros/install.log --single-version-externally-managed install_data
