/root/colcon_ws/install/volcano_ark_ros/lib/python3.10/site-packages/volcano_ark_ros/text_to_speech_node.py
/root/colcon_ws/install/volcano_ark_ros/lib/python3.10/site-packages/volcano_ark_ros/web_interface_node.py
/root/colcon_ws/install/volcano_ark_ros/lib/python3.10/site-packages/volcano_ark_ros/image_publisher_node.py
/root/colcon_ws/install/volcano_ark_ros/lib/python3.10/site-packages/volcano_ark_ros/__init__.py
/root/colcon_ws/install/volcano_ark_ros/lib/python3.10/site-packages/volcano_ark_ros/originman_action_node.py
/root/colcon_ws/install/volcano_ark_ros/lib/python3.10/site-packages/volcano_ark_ros/image_caption_node.py
/root/colcon_ws/install/volcano_ark_ros/lib/python3.10/site-packages/volcano_ark_ros/__pycache__/text_to_speech_node.cpython-310.pyc
/root/colcon_ws/install/volcano_ark_ros/lib/python3.10/site-packages/volcano_ark_ros/__pycache__/web_interface_node.cpython-310.pyc
/root/colcon_ws/install/volcano_ark_ros/lib/python3.10/site-packages/volcano_ark_ros/__pycache__/image_publisher_node.cpython-310.pyc
/root/colcon_ws/install/volcano_ark_ros/lib/python3.10/site-packages/volcano_ark_ros/__pycache__/__init__.cpython-310.pyc
/root/colcon_ws/install/volcano_ark_ros/lib/python3.10/site-packages/volcano_ark_ros/__pycache__/originman_action_node.cpython-310.pyc
/root/colcon_ws/install/volcano_ark_ros/lib/python3.10/site-packages/volcano_ark_ros/__pycache__/image_caption_node.cpython-310.pyc
/root/colcon_ws/install/volcano_ark_ros/share/ament_index/resource_index/packages/volcano_ark_ros
/root/colcon_ws/install/volcano_ark_ros/share/volcano_ark_ros/package.xml
/root/colcon_ws/install/volcano_ark_ros/share/volcano_ark_ros/launch/robot_interaction.launch.py
/root/colcon_ws/install/volcano_ark_ros/lib/python3.10/site-packages/volcano_ark_ros-0.0.0-py3.10.egg-info/requires.txt
/root/colcon_ws/install/volcano_ark_ros/lib/python3.10/site-packages/volcano_ark_ros-0.0.0-py3.10.egg-info/dependency_links.txt
/root/colcon_ws/install/volcano_ark_ros/lib/python3.10/site-packages/volcano_ark_ros-0.0.0-py3.10.egg-info/zip-safe
/root/colcon_ws/install/volcano_ark_ros/lib/python3.10/site-packages/volcano_ark_ros-0.0.0-py3.10.egg-info/entry_points.txt
/root/colcon_ws/install/volcano_ark_ros/lib/python3.10/site-packages/volcano_ark_ros-0.0.0-py3.10.egg-info/SOURCES.txt
/root/colcon_ws/install/volcano_ark_ros/lib/python3.10/site-packages/volcano_ark_ros-0.0.0-py3.10.egg-info/top_level.txt
/root/colcon_ws/install/volcano_ark_ros/lib/python3.10/site-packages/volcano_ark_ros-0.0.0-py3.10.egg-info/PKG-INFO
/root/colcon_ws/install/volcano_ark_ros/lib/volcano_ark_ros/image_caption_node
/root/colcon_ws/install/volcano_ark_ros/lib/volcano_ark_ros/image_publisher_node
/root/colcon_ws/install/volcano_ark_ros/lib/volcano_ark_ros/originman_action_node
/root/colcon_ws/install/volcano_ark_ros/lib/volcano_ark_ros/text_to_speech_node
/root/colcon_ws/install/volcano_ark_ros/lib/volcano_ark_ros/web_interface_node
