[3.603s] DEBUG:colcon:Command line arguments: ['/usr/bin/colcon', 'build']
[3.604s] DEBUG:colcon:Parsed command line arguments: Namespace(log_base=None, log_level=None, verb_name='build', build_base='build', install_base='install', merge_install=False, symlink_install=False, test_result_base=None, continue_on_error=False, executor='parallel', parallel_workers=8, event_handlers=None, ignore_user_meta=False, metas=['./colcon.meta'], base_paths=['.'], packages_ignore=None, packages_ignore_regex=None, paths=None, packages_up_to=None, packages_up_to_regex=None, packages_above=None, packages_above_and_dependencies=None, packages_above_depth=None, packages_select_by_dep=None, packages_skip_by_dep=None, packages_skip_up_to=None, packages_select_build_failed=False, packages_skip_build_finished=False, packages_select_test_failures=False, packages_skip_test_passed=False, packages_select=None, packages_skip=None, packages_select_regex=None, packages_skip_regex=None, packages_start=None, packages_end=None, allow_overriding=[], bazel_args=None, bazel_task=None, cmake_args=None, cmake_target=None, cmake_target_skip_unavailable=False, cmake_clean_cache=False, cmake_clean_first=False, cmake_force_configure=False, meson_args=[], ament_cmake_args=None, catkin_cmake_args=None, catkin_skip_building_tests=False, mixin_files=None, mixin=None, verb_parser=<colcon_alias.argument_parser.alias.AliasArgumentDecorator object at 0xffff90f32380>, verb_extension=<colcon_core.verb.build.BuildVerb object at 0xffff90f311b0>, main=<bound method BuildVerb.main of <colcon_core.verb.build.BuildVerb object at 0xffff90f311b0>>, mixin_verb=('build',))
[5.098s] Level 1:colcon.colcon_core.package_discovery:discover_packages(colcon_meta) check parameters
[5.099s] Level 1:colcon.colcon_core.package_discovery:discover_packages(recursive) check parameters
[5.099s] Level 1:colcon.colcon_core.package_discovery:discover_packages(ignore) check parameters
[5.100s] Level 1:colcon.colcon_core.package_discovery:discover_packages(path) check parameters
[5.100s] Level 1:colcon.colcon_core.package_discovery:discover_packages(colcon_meta) discover
[5.100s] Level 1:colcon.colcon_core.package_discovery:discover_packages(recursive) discover
[5.100s] INFO:colcon.colcon_core.package_discovery:Crawling recursively for packages in '/root/colcon_ws'
[5.101s] Level 1:colcon.colcon_core.package_identification:_identify(.) by extensions ['ignore', 'ignore_ament_install']
[5.102s] Level 1:colcon.colcon_core.package_identification:_identify(.) by extension 'ignore'
[5.102s] Level 1:colcon.colcon_core.package_identification:_identify(.) by extension 'ignore_ament_install'
[5.103s] Level 1:colcon.colcon_core.package_identification:_identify(.) by extensions ['colcon_pkg']
[5.103s] Level 1:colcon.colcon_core.package_identification:_identify(.) by extension 'colcon_pkg'
[5.103s] Level 1:colcon.colcon_core.package_identification:_identify(.) by extensions ['colcon_meta']
[5.103s] Level 1:colcon.colcon_core.package_identification:_identify(.) by extension 'colcon_meta'
[5.103s] Level 1:colcon.colcon_core.package_identification:_identify(.) by extensions ['ros']
[5.104s] Level 1:colcon.colcon_core.package_identification:_identify(.) by extension 'ros'
[5.119s] Level 1:colcon.colcon_core.package_identification:_identify(.) by extensions ['bazel', 'cmake', 'meson', 'python']
[5.120s] Level 1:colcon.colcon_core.package_identification:_identify(.) by extension 'bazel'
[5.120s] Level 1:colcon.colcon_core.package_identification:_identify(.) by extension 'cmake'
[5.121s] Level 1:colcon.colcon_core.package_identification:_identify(.) by extension 'meson'
[5.121s] Level 1:colcon.colcon_core.package_identification:_identify(.) by extension 'python'
[5.121s] Level 1:colcon.colcon_core.package_identification:_identify(.) by extensions ['python_setup_py']
[5.121s] Level 1:colcon.colcon_core.package_identification:_identify(.) by extension 'python_setup_py'
[5.123s] Level 1:colcon.colcon_core.package_identification:_identify(build) by extensions ['ignore', 'ignore_ament_install']
[5.123s] Level 1:colcon.colcon_core.package_identification:_identify(build) by extension 'ignore'
[5.123s] Level 1:colcon.colcon_core.package_identification:_identify(build) ignored
[5.124s] Level 1:colcon.colcon_core.package_identification:_identify(install) by extensions ['ignore', 'ignore_ament_install']
[5.125s] Level 1:colcon.colcon_core.package_identification:_identify(install) by extension 'ignore'
[5.125s] Level 1:colcon.colcon_core.package_identification:_identify(install) ignored
[5.126s] Level 1:colcon.colcon_core.package_identification:_identify(log) by extensions ['ignore', 'ignore_ament_install']
[5.126s] Level 1:colcon.colcon_core.package_identification:_identify(log) by extension 'ignore'
[5.126s] Level 1:colcon.colcon_core.package_identification:_identify(log) ignored
[5.127s] Level 1:colcon.colcon_core.package_identification:_identify(src) by extensions ['ignore', 'ignore_ament_install']
[5.128s] Level 1:colcon.colcon_core.package_identification:_identify(src) by extension 'ignore'
[5.128s] Level 1:colcon.colcon_core.package_identification:_identify(src) by extension 'ignore_ament_install'
[5.128s] Level 1:colcon.colcon_core.package_identification:_identify(src) by extensions ['colcon_pkg']
[5.129s] Level 1:colcon.colcon_core.package_identification:_identify(src) by extension 'colcon_pkg'
[5.129s] Level 1:colcon.colcon_core.package_identification:_identify(src) by extensions ['colcon_meta']
[5.129s] Level 1:colcon.colcon_core.package_identification:_identify(src) by extension 'colcon_meta'
[5.129s] Level 1:colcon.colcon_core.package_identification:_identify(src) by extensions ['ros']
[5.130s] Level 1:colcon.colcon_core.package_identification:_identify(src) by extension 'ros'
[5.130s] Level 1:colcon.colcon_core.package_identification:_identify(src) by extensions ['bazel', 'cmake', 'meson', 'python']
[5.130s] Level 1:colcon.colcon_core.package_identification:_identify(src) by extension 'bazel'
[5.131s] Level 1:colcon.colcon_core.package_identification:_identify(src) by extension 'cmake'
[5.131s] Level 1:colcon.colcon_core.package_identification:_identify(src) by extension 'meson'
[5.131s] Level 1:colcon.colcon_core.package_identification:_identify(src) by extension 'python'
[5.131s] Level 1:colcon.colcon_core.package_identification:_identify(src) by extensions ['python_setup_py']
[5.132s] Level 1:colcon.colcon_core.package_identification:_identify(src) by extension 'python_setup_py'
[5.133s] Level 1:colcon.colcon_core.package_identification:_identify(src/volcano_ark_ros) by extensions ['ignore', 'ignore_ament_install']
[5.133s] Level 1:colcon.colcon_core.package_identification:_identify(src/volcano_ark_ros) by extension 'ignore'
[5.134s] Level 1:colcon.colcon_core.package_identification:_identify(src/volcano_ark_ros) by extension 'ignore_ament_install'
[5.134s] Level 1:colcon.colcon_core.package_identification:_identify(src/volcano_ark_ros) by extensions ['colcon_pkg']
[5.134s] Level 1:colcon.colcon_core.package_identification:_identify(src/volcano_ark_ros) by extension 'colcon_pkg'
[5.134s] Level 1:colcon.colcon_core.package_identification:_identify(src/volcano_ark_ros) by extensions ['colcon_meta']
[5.134s] Level 1:colcon.colcon_core.package_identification:_identify(src/volcano_ark_ros) by extension 'colcon_meta'
[5.135s] Level 1:colcon.colcon_core.package_identification:_identify(src/volcano_ark_ros) by extensions ['ros']
[5.135s] Level 1:colcon.colcon_core.package_identification:_identify(src/volcano_ark_ros) by extension 'ros'
[5.148s] DEBUG:colcon.colcon_core.package_identification:Package 'src/volcano_ark_ros' with type 'ros.ament_python' and name 'volcano_ark_ros'
[5.148s] Level 1:colcon.colcon_core.package_discovery:discover_packages(recursive) using defaults
[5.149s] Level 1:colcon.colcon_core.package_discovery:discover_packages(ignore) discover
[5.149s] Level 1:colcon.colcon_core.package_discovery:discover_packages(ignore) using defaults
[5.149s] Level 1:colcon.colcon_core.package_discovery:discover_packages(path) discover
[5.149s] Level 1:colcon.colcon_core.package_discovery:discover_packages(path) using defaults
[5.255s] Level 1:colcon.colcon_core.package_discovery:discover_packages(prefix_path) check parameters
[5.255s] Level 1:colcon.colcon_core.package_discovery:discover_packages(prefix_path) discover
[5.283s] DEBUG:colcon.colcon_installed_package_information.package_discovery:Found 20 installed packages in /userdata/dev_ws/install
[5.288s] DEBUG:colcon.colcon_installed_package_information.package_discovery:Found 54 installed packages in /opt/tros/humble
[5.299s] DEBUG:colcon.colcon_installed_package_information.package_discovery:Found 187 installed packages in /opt/ros/humble
[5.308s] Level 1:colcon.colcon_core.package_discovery:discover_packages(prefix_path) using defaults
[5.614s] Level 5:colcon.colcon_core.verb:set package 'volcano_ark_ros' build argument 'bazel_args' from command line to 'None'
[5.614s] Level 5:colcon.colcon_core.verb:set package 'volcano_ark_ros' build argument 'bazel_task' from command line to 'None'
[5.614s] Level 5:colcon.colcon_core.verb:set package 'volcano_ark_ros' build argument 'cmake_args' from command line to 'None'
[5.615s] Level 5:colcon.colcon_core.verb:set package 'volcano_ark_ros' build argument 'cmake_target' from command line to 'None'
[5.615s] Level 5:colcon.colcon_core.verb:set package 'volcano_ark_ros' build argument 'cmake_target_skip_unavailable' from command line to 'False'
[5.615s] Level 5:colcon.colcon_core.verb:set package 'volcano_ark_ros' build argument 'cmake_clean_cache' from command line to 'False'
[5.615s] Level 5:colcon.colcon_core.verb:set package 'volcano_ark_ros' build argument 'cmake_clean_first' from command line to 'False'
[5.615s] Level 5:colcon.colcon_core.verb:set package 'volcano_ark_ros' build argument 'cmake_force_configure' from command line to 'False'
[5.615s] Level 5:colcon.colcon_core.verb:set package 'volcano_ark_ros' build argument 'meson_args' from command line to '[]'
[5.616s] Level 5:colcon.colcon_core.verb:set package 'volcano_ark_ros' build argument 'ament_cmake_args' from command line to 'None'
[5.616s] Level 5:colcon.colcon_core.verb:set package 'volcano_ark_ros' build argument 'catkin_cmake_args' from command line to 'None'
[5.616s] Level 5:colcon.colcon_core.verb:set package 'volcano_ark_ros' build argument 'catkin_skip_building_tests' from command line to 'False'
[5.616s] DEBUG:colcon.colcon_core.verb:Building package 'volcano_ark_ros' with the following arguments: {'ament_cmake_args': None, 'bazel_args': None, 'bazel_task': None, 'build_base': '/root/colcon_ws/build/volcano_ark_ros', 'catkin_cmake_args': None, 'catkin_skip_building_tests': False, 'cmake_args': None, 'cmake_clean_cache': False, 'cmake_clean_first': False, 'cmake_force_configure': False, 'cmake_target': None, 'cmake_target_skip_unavailable': False, 'install_base': '/root/colcon_ws/install/volcano_ark_ros', 'merge_install': False, 'meson_args': [], 'path': '/root/colcon_ws/src/volcano_ark_ros', 'symlink_install': False, 'test_result_base': None}
[5.617s] INFO:colcon.colcon_core.executor:Executing jobs using 'parallel' executor
[5.623s] DEBUG:colcon.colcon_parallel_executor.executor.parallel:run_until_complete
[5.624s] INFO:colcon.colcon_ros.task.ament_python.build:Building ROS package in '/root/colcon_ws/src/volcano_ark_ros' with build type 'ament_python'
[5.625s] Level 1:colcon.colcon_core.shell:create_environment_hook('volcano_ark_ros', 'ament_prefix_path')
[5.645s] INFO:colcon.colcon_core.plugin_system:Skipping extension 'colcon_core.shell.bat': Not used on non-Windows systems
[5.647s] INFO:colcon.colcon_core.shell:Creating environment hook '/root/colcon_ws/install/volcano_ark_ros/share/volcano_ark_ros/hook/ament_prefix_path.ps1'
[5.651s] INFO:colcon.colcon_core.shell:Creating environment descriptor '/root/colcon_ws/install/volcano_ark_ros/share/volcano_ark_ros/hook/ament_prefix_path.dsv'
[5.655s] INFO:colcon.colcon_core.shell:Creating environment hook '/root/colcon_ws/install/volcano_ark_ros/share/volcano_ark_ros/hook/ament_prefix_path.sh'
[5.660s] DEBUG:colcon.colcon_ros_domain_id_coordinator.shell.ros_domain_id:Allocated ROS_DOMAIN_ID=230 for '/root/colcon_ws/build/volcano_ark_ros'
[5.661s] INFO:colcon.colcon_core.shell:Skip shell extension 'ros_domain_id' for command environment: 
[5.661s] INFO:colcon.colcon_core.shell:Skip shell extension 'powershell' for command environment: Not usable outside of PowerShell
[5.661s] DEBUG:colcon.colcon_core.shell:Skip shell extension 'dsv' for command environment
[7.558s] INFO:colcon.colcon_core.task.python.build:Building Python package in '/root/colcon_ws/src/volcano_ark_ros'
[7.560s] DEBUG:colcon.colcon_ros_domain_id_coordinator.shell.ros_domain_id:Allocated ROS_DOMAIN_ID=230 for '/root/colcon_ws/build/volcano_ark_ros'
[7.560s] INFO:colcon.colcon_core.shell:Skip shell extension 'ros_domain_id' for command environment: 
[7.561s] INFO:colcon.colcon_core.shell:Skip shell extension 'powershell' for command environment: Not usable outside of PowerShell
[7.561s] DEBUG:colcon.colcon_core.shell:Skip shell extension 'dsv' for command environment
[11.914s] DEBUG:colcon.colcon_core.event_handler.log_command:Invoking command in '/root/colcon_ws/src/volcano_ark_ros': PYTHONPATH=/root/colcon_ws/build/volcano_ark_ros/prefix_override:/usr/lib/python3/dist-packages/colcon_core/task/python/colcon_distutils_commands:/root/colcon_ws/install/volcano_ark_ros/lib/python3.10/site-packages:${PYTHONPATH} /usr/bin/python3 -W ignore:setup.py install is deprecated -W ignore:easy_install command is deprecated setup.py egg_info --egg-base ../../build/volcano_ark_ros build --build-base /root/colcon_ws/build/volcano_ark_ros/build install --record /root/colcon_ws/build/volcano_ark_ros/install.log --single-version-externally-managed install_data
[14.163s] DEBUG:colcon.colcon_core.event_handler.log_command:Invoked command in '/root/colcon_ws/src/volcano_ark_ros' returned '0': PYTHONPATH=/root/colcon_ws/build/volcano_ark_ros/prefix_override:/usr/lib/python3/dist-packages/colcon_core/task/python/colcon_distutils_commands:/root/colcon_ws/install/volcano_ark_ros/lib/python3.10/site-packages:${PYTHONPATH} /usr/bin/python3 -W ignore:setup.py install is deprecated -W ignore:easy_install command is deprecated setup.py egg_info --egg-base ../../build/volcano_ark_ros build --build-base /root/colcon_ws/build/volcano_ark_ros/build install --record /root/colcon_ws/build/volcano_ark_ros/install.log --single-version-externally-managed install_data
[14.186s] Level 1:colcon.colcon_core.environment:checking '/root/colcon_ws/install/volcano_ark_ros' for CMake module files
[14.191s] Level 1:colcon.colcon_core.environment:checking '/root/colcon_ws/install/volcano_ark_ros' for CMake config files
[14.203s] Level 1:colcon.colcon_core.environment:checking '/root/colcon_ws/install/volcano_ark_ros/lib'
[14.205s] Level 1:colcon.colcon_core.environment:checking '/root/colcon_ws/install/volcano_ark_ros/bin'
[14.206s] Level 1:colcon.colcon_core.environment:checking '/root/colcon_ws/install/volcano_ark_ros/lib/pkgconfig/volcano_ark_ros.pc'
[14.209s] Level 1:colcon.colcon_core.environment:checking '/root/colcon_ws/install/volcano_ark_ros/lib/python3.10/site-packages'
[14.209s] Level 1:colcon.colcon_core.shell:create_environment_hook('volcano_ark_ros', 'pythonpath')
[14.211s] INFO:colcon.colcon_core.shell:Creating environment hook '/root/colcon_ws/install/volcano_ark_ros/share/volcano_ark_ros/hook/pythonpath.ps1'
[14.214s] INFO:colcon.colcon_core.shell:Creating environment descriptor '/root/colcon_ws/install/volcano_ark_ros/share/volcano_ark_ros/hook/pythonpath.dsv'
[14.216s] INFO:colcon.colcon_core.shell:Creating environment hook '/root/colcon_ws/install/volcano_ark_ros/share/volcano_ark_ros/hook/pythonpath.sh'
[14.220s] Level 1:colcon.colcon_core.environment:checking '/root/colcon_ws/install/volcano_ark_ros/bin'
[14.220s] Level 1:colcon.colcon_core.environment:create_environment_scripts_only(volcano_ark_ros)
[14.223s] INFO:colcon.colcon_core.shell:Creating package script '/root/colcon_ws/install/volcano_ark_ros/share/volcano_ark_ros/package.ps1'
[14.233s] INFO:colcon.colcon_core.shell:Creating package descriptor '/root/colcon_ws/install/volcano_ark_ros/share/volcano_ark_ros/package.dsv'
[14.238s] INFO:colcon.colcon_core.shell:Creating package script '/root/colcon_ws/install/volcano_ark_ros/share/volcano_ark_ros/package.sh'
[14.243s] INFO:colcon.colcon_core.shell:Creating package script '/root/colcon_ws/install/volcano_ark_ros/share/volcano_ark_ros/package.bash'
[14.248s] INFO:colcon.colcon_core.shell:Creating package script '/root/colcon_ws/install/volcano_ark_ros/share/volcano_ark_ros/package.zsh'
[14.253s] Level 1:colcon.colcon_core.environment:create_file_with_runtime_dependencies(/root/colcon_ws/install/volcano_ark_ros/share/colcon-core/packages/volcano_ark_ros)
[14.255s] DEBUG:colcon.colcon_parallel_executor.executor.parallel:closing loop
[14.255s] DEBUG:colcon.colcon_ros_domain_id_coordinator.shell.ros_domain_id:Released ROS_DOMAIN_ID=230 for '/root/colcon_ws/build/volcano_ark_ros'
[14.257s] DEBUG:colcon.colcon_parallel_executor.executor.parallel:loop closed
[14.257s] DEBUG:colcon.colcon_parallel_executor.executor.parallel:run_until_complete finished with '0'
[14.258s] DEBUG:colcon.colcon_core.event_reactor:joining thread
[14.287s] INFO:colcon.colcon_core.plugin_system:Skipping extension 'colcon_notification.desktop_notification.notify_send': Could not find 'notify-send'
[14.288s] INFO:colcon.colcon_core.plugin_system:Skipping extension 'colcon_notification.desktop_notification.terminal_notifier': Not used on non-Darwin systems
[14.288s] INFO:colcon.colcon_core.plugin_system:Skipping extension 'colcon_notification.desktop_notification.win32': Not used on non-Windows systems
[14.289s] INFO:colcon.colcon_notification.desktop_notification:Sending desktop notification using 'notify2'
[14.303s] DEBUG:colcon.colcon_notification.desktop_notification.notify2:Failed to initialize notify2: org.freedesktop.DBus.Error.Spawn.ExecFailed: /usr/bin/dbus-launch terminated abnormally without any error message
[14.304s] DEBUG:colcon.colcon_core.event_reactor:joined thread
[14.307s] INFO:colcon.colcon_core.shell:Creating prefix script '/root/colcon_ws/install/local_setup.ps1'
[14.315s] INFO:colcon.colcon_core.shell:Creating prefix util module '/root/colcon_ws/install/_local_setup_util_ps1.py'
[14.327s] INFO:colcon.colcon_core.shell:Creating prefix chain script '/root/colcon_ws/install/setup.ps1'
[14.350s] INFO:colcon.colcon_core.shell:Creating prefix script '/root/colcon_ws/install/local_setup.sh'
[14.353s] INFO:colcon.colcon_core.shell:Creating prefix util module '/root/colcon_ws/install/_local_setup_util_sh.py'
[14.357s] INFO:colcon.colcon_core.shell:Creating prefix chain script '/root/colcon_ws/install/setup.sh'
[14.368s] INFO:colcon.colcon_core.shell:Creating prefix script '/root/colcon_ws/install/local_setup.bash'
[14.373s] INFO:colcon.colcon_core.shell:Creating prefix chain script '/root/colcon_ws/install/setup.bash'
[14.383s] INFO:colcon.colcon_core.shell:Creating prefix script '/root/colcon_ws/install/local_setup.zsh'
[14.386s] INFO:colcon.colcon_core.shell:Creating prefix chain script '/root/colcon_ws/install/setup.zsh'
[14.397s] INFO:colcon.colcon_core.shell:Creating '/root/colcon_ws/install/spawn_shell.bash'
