[1.868s] DEBUG:colcon:Command line arguments: ['/usr/bin/colcon', 'build']
[1.868s] DEBUG:colcon:Parsed command line arguments: Namespace(log_base=None, log_level=None, verb_name='build', build_base='build', install_base='install', merge_install=False, symlink_install=False, test_result_base=None, continue_on_error=False, executor='parallel', parallel_workers=8, event_handlers=None, ignore_user_meta=False, metas=['./colcon.meta'], base_paths=['.'], packages_ignore=None, packages_ignore_regex=None, paths=None, packages_up_to=None, packages_up_to_regex=None, packages_above=None, packages_above_and_dependencies=None, packages_above_depth=None, packages_select_by_dep=None, packages_skip_by_dep=None, packages_skip_up_to=None, packages_select_build_failed=False, packages_skip_build_finished=False, packages_select_test_failures=False, packages_skip_test_passed=False, packages_select=None, packages_skip=None, packages_select_regex=None, packages_skip_regex=None, packages_start=None, packages_end=None, allow_overriding=[], bazel_args=None, bazel_task=None, cmake_args=None, cmake_target=None, cmake_target_skip_unavailable=False, cmake_clean_cache=False, cmake_clean_first=False, cmake_force_configure=False, meson_args=[], ament_cmake_args=None, catkin_cmake_args=None, catkin_skip_building_tests=False, mixin_files=None, mixin=None, verb_parser=<colcon_alias.argument_parser.alias.AliasArgumentDecorator object at 0xffff9206e740>, verb_extension=<colcon_core.verb.build.BuildVerb object at 0xffff9206d570>, main=<bound method BuildVerb.main of <colcon_core.verb.build.BuildVerb object at 0xffff9206d570>>, mixin_verb=('build',))
[3.935s] Level 1:colcon.colcon_core.package_discovery:discover_packages(colcon_meta) check parameters
[3.937s] Level 1:colcon.colcon_core.package_discovery:discover_packages(recursive) check parameters
[3.937s] Level 1:colcon.colcon_core.package_discovery:discover_packages(ignore) check parameters
[3.937s] Level 1:colcon.colcon_core.package_discovery:discover_packages(path) check parameters
[3.938s] Level 1:colcon.colcon_core.package_discovery:discover_packages(colcon_meta) discover
[3.938s] Level 1:colcon.colcon_core.package_discovery:discover_packages(recursive) discover
[3.938s] INFO:colcon.colcon_core.package_discovery:Crawling recursively for packages in '/root/colcon_ws'
[3.939s] Level 1:colcon.colcon_core.package_identification:_identify(.) by extensions ['ignore', 'ignore_ament_install']
[3.940s] Level 1:colcon.colcon_core.package_identification:_identify(.) by extension 'ignore'
[3.940s] Level 1:colcon.colcon_core.package_identification:_identify(.) by extension 'ignore_ament_install'
[3.940s] Level 1:colcon.colcon_core.package_identification:_identify(.) by extensions ['colcon_pkg']
[3.941s] Level 1:colcon.colcon_core.package_identification:_identify(.) by extension 'colcon_pkg'
[3.941s] Level 1:colcon.colcon_core.package_identification:_identify(.) by extensions ['colcon_meta']
[3.941s] Level 1:colcon.colcon_core.package_identification:_identify(.) by extension 'colcon_meta'
[3.941s] Level 1:colcon.colcon_core.package_identification:_identify(.) by extensions ['ros']
[3.941s] Level 1:colcon.colcon_core.package_identification:_identify(.) by extension 'ros'
[3.957s] Level 1:colcon.colcon_core.package_identification:_identify(.) by extensions ['bazel', 'cmake', 'meson', 'python']
[3.958s] Level 1:colcon.colcon_core.package_identification:_identify(.) by extension 'bazel'
[3.958s] Level 1:colcon.colcon_core.package_identification:_identify(.) by extension 'cmake'
[3.958s] Level 1:colcon.colcon_core.package_identification:_identify(.) by extension 'meson'
[3.959s] Level 1:colcon.colcon_core.package_identification:_identify(.) by extension 'python'
[3.959s] Level 1:colcon.colcon_core.package_identification:_identify(.) by extensions ['python_setup_py']
[3.959s] Level 1:colcon.colcon_core.package_identification:_identify(.) by extension 'python_setup_py'
[3.961s] Level 1:colcon.colcon_core.package_identification:_identify(build) by extensions ['ignore', 'ignore_ament_install']
[3.961s] Level 1:colcon.colcon_core.package_identification:_identify(build) by extension 'ignore'
[3.961s] Level 1:colcon.colcon_core.package_identification:_identify(build) ignored
[3.962s] Level 1:colcon.colcon_core.package_identification:_identify(install) by extensions ['ignore', 'ignore_ament_install']
[3.963s] Level 1:colcon.colcon_core.package_identification:_identify(install) by extension 'ignore'
[3.963s] Level 1:colcon.colcon_core.package_identification:_identify(install) ignored
[3.967s] Level 1:colcon.colcon_core.package_identification:_identify(log) by extensions ['ignore', 'ignore_ament_install']
[3.967s] Level 1:colcon.colcon_core.package_identification:_identify(log) by extension 'ignore'
[3.968s] Level 1:colcon.colcon_core.package_identification:_identify(log) ignored
[3.968s] Level 1:colcon.colcon_core.package_identification:_identify(src) by extensions ['ignore', 'ignore_ament_install']
[3.969s] Level 1:colcon.colcon_core.package_identification:_identify(src) by extension 'ignore'
[3.969s] Level 1:colcon.colcon_core.package_identification:_identify(src) by extension 'ignore_ament_install'
[3.970s] Level 1:colcon.colcon_core.package_identification:_identify(src) by extensions ['colcon_pkg']
[3.970s] Level 1:colcon.colcon_core.package_identification:_identify(src) by extension 'colcon_pkg'
[3.970s] Level 1:colcon.colcon_core.package_identification:_identify(src) by extensions ['colcon_meta']
[3.970s] Level 1:colcon.colcon_core.package_identification:_identify(src) by extension 'colcon_meta'
[3.970s] Level 1:colcon.colcon_core.package_identification:_identify(src) by extensions ['ros']
[3.971s] Level 1:colcon.colcon_core.package_identification:_identify(src) by extension 'ros'
[3.971s] Level 1:colcon.colcon_core.package_identification:_identify(src) by extensions ['bazel', 'cmake', 'meson', 'python']
[3.971s] Level 1:colcon.colcon_core.package_identification:_identify(src) by extension 'bazel'
[3.972s] Level 1:colcon.colcon_core.package_identification:_identify(src) by extension 'cmake'
[3.972s] Level 1:colcon.colcon_core.package_identification:_identify(src) by extension 'meson'
[3.972s] Level 1:colcon.colcon_core.package_identification:_identify(src) by extension 'python'
[3.972s] Level 1:colcon.colcon_core.package_identification:_identify(src) by extensions ['python_setup_py']
[3.973s] Level 1:colcon.colcon_core.package_identification:_identify(src) by extension 'python_setup_py'
[3.974s] Level 1:colcon.colcon_core.package_identification:_identify(src/volcano_ark_ros) by extensions ['ignore', 'ignore_ament_install']
[3.974s] Level 1:colcon.colcon_core.package_identification:_identify(src/volcano_ark_ros) by extension 'ignore'
[3.975s] Level 1:colcon.colcon_core.package_identification:_identify(src/volcano_ark_ros) by extension 'ignore_ament_install'
[3.975s] Level 1:colcon.colcon_core.package_identification:_identify(src/volcano_ark_ros) by extensions ['colcon_pkg']
[3.975s] Level 1:colcon.colcon_core.package_identification:_identify(src/volcano_ark_ros) by extension 'colcon_pkg'
[3.976s] Level 1:colcon.colcon_core.package_identification:_identify(src/volcano_ark_ros) by extensions ['colcon_meta']
[3.976s] Level 1:colcon.colcon_core.package_identification:_identify(src/volcano_ark_ros) by extension 'colcon_meta'
[3.976s] Level 1:colcon.colcon_core.package_identification:_identify(src/volcano_ark_ros) by extensions ['ros']
[3.976s] Level 1:colcon.colcon_core.package_identification:_identify(src/volcano_ark_ros) by extension 'ros'
[3.990s] DEBUG:colcon.colcon_core.package_identification:Package 'src/volcano_ark_ros' with type 'ros.ament_python' and name 'volcano_ark_ros'
[3.990s] Level 1:colcon.colcon_core.package_discovery:discover_packages(recursive) using defaults
[3.990s] Level 1:colcon.colcon_core.package_discovery:discover_packages(ignore) discover
[3.990s] Level 1:colcon.colcon_core.package_discovery:discover_packages(ignore) using defaults
[3.991s] Level 1:colcon.colcon_core.package_discovery:discover_packages(path) discover
[3.991s] Level 1:colcon.colcon_core.package_discovery:discover_packages(path) using defaults
[4.098s] Level 1:colcon.colcon_core.package_discovery:discover_packages(prefix_path) check parameters
[4.098s] Level 1:colcon.colcon_core.package_discovery:discover_packages(prefix_path) discover
[4.123s] DEBUG:colcon.colcon_installed_package_information.package_discovery:Found 1 installed packages in /root/colcon_ws/install
[4.130s] DEBUG:colcon.colcon_installed_package_information.package_discovery:Found 20 installed packages in /userdata/dev_ws/install
[4.135s] DEBUG:colcon.colcon_installed_package_information.package_discovery:Found 54 installed packages in /opt/tros/humble
[4.147s] DEBUG:colcon.colcon_installed_package_information.package_discovery:Found 187 installed packages in /opt/ros/humble
[4.163s] Level 1:colcon.colcon_core.package_discovery:discover_packages(prefix_path) using defaults
[4.456s] Level 5:colcon.colcon_core.verb:set package 'volcano_ark_ros' build argument 'bazel_args' from command line to 'None'
[4.456s] Level 5:colcon.colcon_core.verb:set package 'volcano_ark_ros' build argument 'bazel_task' from command line to 'None'
[4.457s] Level 5:colcon.colcon_core.verb:set package 'volcano_ark_ros' build argument 'cmake_args' from command line to 'None'
[4.457s] Level 5:colcon.colcon_core.verb:set package 'volcano_ark_ros' build argument 'cmake_target' from command line to 'None'
[4.457s] Level 5:colcon.colcon_core.verb:set package 'volcano_ark_ros' build argument 'cmake_target_skip_unavailable' from command line to 'False'
[4.457s] Level 5:colcon.colcon_core.verb:set package 'volcano_ark_ros' build argument 'cmake_clean_cache' from command line to 'False'
[4.458s] Level 5:colcon.colcon_core.verb:set package 'volcano_ark_ros' build argument 'cmake_clean_first' from command line to 'False'
[4.458s] Level 5:colcon.colcon_core.verb:set package 'volcano_ark_ros' build argument 'cmake_force_configure' from command line to 'False'
[4.458s] Level 5:colcon.colcon_core.verb:set package 'volcano_ark_ros' build argument 'meson_args' from command line to '[]'
[4.458s] Level 5:colcon.colcon_core.verb:set package 'volcano_ark_ros' build argument 'ament_cmake_args' from command line to 'None'
[4.458s] Level 5:colcon.colcon_core.verb:set package 'volcano_ark_ros' build argument 'catkin_cmake_args' from command line to 'None'
[4.458s] Level 5:colcon.colcon_core.verb:set package 'volcano_ark_ros' build argument 'catkin_skip_building_tests' from command line to 'False'
[4.459s] DEBUG:colcon.colcon_core.verb:Building package 'volcano_ark_ros' with the following arguments: {'ament_cmake_args': None, 'bazel_args': None, 'bazel_task': None, 'build_base': '/root/colcon_ws/build/volcano_ark_ros', 'catkin_cmake_args': None, 'catkin_skip_building_tests': False, 'cmake_args': None, 'cmake_clean_cache': False, 'cmake_clean_first': False, 'cmake_force_configure': False, 'cmake_target': None, 'cmake_target_skip_unavailable': False, 'install_base': '/root/colcon_ws/install/volcano_ark_ros', 'merge_install': False, 'meson_args': [], 'path': '/root/colcon_ws/src/volcano_ark_ros', 'symlink_install': False, 'test_result_base': None}
[4.460s] INFO:colcon.colcon_core.executor:Executing jobs using 'parallel' executor
[4.465s] DEBUG:colcon.colcon_parallel_executor.executor.parallel:run_until_complete
[4.466s] INFO:colcon.colcon_ros.task.ament_python.build:Building ROS package in '/root/colcon_ws/src/volcano_ark_ros' with build type 'ament_python'
[4.466s] Level 1:colcon.colcon_core.shell:create_environment_hook('volcano_ark_ros', 'ament_prefix_path')
[4.485s] INFO:colcon.colcon_core.plugin_system:Skipping extension 'colcon_core.shell.bat': Not used on non-Windows systems
[4.488s] INFO:colcon.colcon_core.shell:Creating environment hook '/root/colcon_ws/install/volcano_ark_ros/share/volcano_ark_ros/hook/ament_prefix_path.ps1'
[4.492s] INFO:colcon.colcon_core.shell:Creating environment descriptor '/root/colcon_ws/install/volcano_ark_ros/share/volcano_ark_ros/hook/ament_prefix_path.dsv'
[4.495s] INFO:colcon.colcon_core.shell:Creating environment hook '/root/colcon_ws/install/volcano_ark_ros/share/volcano_ark_ros/hook/ament_prefix_path.sh'
[4.500s] DEBUG:colcon.colcon_ros_domain_id_coordinator.shell.ros_domain_id:Allocated ROS_DOMAIN_ID=94 for '/root/colcon_ws/build/volcano_ark_ros'
[4.501s] INFO:colcon.colcon_core.shell:Skip shell extension 'ros_domain_id' for command environment: 
[4.501s] INFO:colcon.colcon_core.shell:Skip shell extension 'powershell' for command environment: Not usable outside of PowerShell
[4.501s] DEBUG:colcon.colcon_core.shell:Skip shell extension 'dsv' for command environment
[6.373s] INFO:colcon.colcon_core.task.python.build:Building Python package in '/root/colcon_ws/src/volcano_ark_ros'
[6.375s] DEBUG:colcon.colcon_ros_domain_id_coordinator.shell.ros_domain_id:Allocated ROS_DOMAIN_ID=94 for '/root/colcon_ws/build/volcano_ark_ros'
[6.375s] INFO:colcon.colcon_core.shell:Skip shell extension 'ros_domain_id' for command environment: 
[6.376s] INFO:colcon.colcon_core.shell:Skip shell extension 'powershell' for command environment: Not usable outside of PowerShell
[6.376s] DEBUG:colcon.colcon_core.shell:Skip shell extension 'dsv' for command environment
[8.985s] DEBUG:colcon.colcon_core.event_handler.log_command:Invoking command in '/root/colcon_ws/src/volcano_ark_ros': PYTHONPATH=/root/colcon_ws/build/volcano_ark_ros/prefix_override:/usr/lib/python3/dist-packages/colcon_core/task/python/colcon_distutils_commands:/root/colcon_ws/install/volcano_ark_ros/lib/python3.10/site-packages:${PYTHONPATH} /usr/bin/python3 -W ignore:setup.py install is deprecated -W ignore:easy_install command is deprecated setup.py egg_info --egg-base ../../build/volcano_ark_ros build --build-base /root/colcon_ws/build/volcano_ark_ros/build install --record /root/colcon_ws/build/volcano_ark_ros/install.log --single-version-externally-managed install_data
[11.365s] DEBUG:colcon.colcon_core.event_handler.log_command:Invoked command in '/root/colcon_ws/src/volcano_ark_ros' returned '0': PYTHONPATH=/root/colcon_ws/build/volcano_ark_ros/prefix_override:/usr/lib/python3/dist-packages/colcon_core/task/python/colcon_distutils_commands:/root/colcon_ws/install/volcano_ark_ros/lib/python3.10/site-packages:${PYTHONPATH} /usr/bin/python3 -W ignore:setup.py install is deprecated -W ignore:easy_install command is deprecated setup.py egg_info --egg-base ../../build/volcano_ark_ros build --build-base /root/colcon_ws/build/volcano_ark_ros/build install --record /root/colcon_ws/build/volcano_ark_ros/install.log --single-version-externally-managed install_data
[11.397s] Level 1:colcon.colcon_core.environment:checking '/root/colcon_ws/install/volcano_ark_ros' for CMake module files
[11.405s] Level 1:colcon.colcon_core.environment:checking '/root/colcon_ws/install/volcano_ark_ros' for CMake config files
[11.414s] Level 1:colcon.colcon_core.environment:checking '/root/colcon_ws/install/volcano_ark_ros/lib'
[11.415s] Level 1:colcon.colcon_core.environment:checking '/root/colcon_ws/install/volcano_ark_ros/bin'
[11.416s] Level 1:colcon.colcon_core.environment:checking '/root/colcon_ws/install/volcano_ark_ros/lib/pkgconfig/volcano_ark_ros.pc'
[11.417s] Level 1:colcon.colcon_core.environment:checking '/root/colcon_ws/install/volcano_ark_ros/lib/python3.10/site-packages'
[11.417s] Level 1:colcon.colcon_core.shell:create_environment_hook('volcano_ark_ros', 'pythonpath')
[11.420s] INFO:colcon.colcon_core.shell:Creating environment hook '/root/colcon_ws/install/volcano_ark_ros/share/volcano_ark_ros/hook/pythonpath.ps1'
[11.426s] INFO:colcon.colcon_core.shell:Creating environment descriptor '/root/colcon_ws/install/volcano_ark_ros/share/volcano_ark_ros/hook/pythonpath.dsv'
[11.429s] INFO:colcon.colcon_core.shell:Creating environment hook '/root/colcon_ws/install/volcano_ark_ros/share/volcano_ark_ros/hook/pythonpath.sh'
[11.433s] Level 1:colcon.colcon_core.environment:checking '/root/colcon_ws/install/volcano_ark_ros/bin'
[11.434s] Level 1:colcon.colcon_core.environment:create_environment_scripts_only(volcano_ark_ros)
[11.437s] INFO:colcon.colcon_core.shell:Creating package script '/root/colcon_ws/install/volcano_ark_ros/share/volcano_ark_ros/package.ps1'
[11.444s] INFO:colcon.colcon_core.shell:Creating package descriptor '/root/colcon_ws/install/volcano_ark_ros/share/volcano_ark_ros/package.dsv'
[11.449s] INFO:colcon.colcon_core.shell:Creating package script '/root/colcon_ws/install/volcano_ark_ros/share/volcano_ark_ros/package.sh'
[11.455s] INFO:colcon.colcon_core.shell:Creating package script '/root/colcon_ws/install/volcano_ark_ros/share/volcano_ark_ros/package.bash'
[11.460s] INFO:colcon.colcon_core.shell:Creating package script '/root/colcon_ws/install/volcano_ark_ros/share/volcano_ark_ros/package.zsh'
[11.464s] Level 1:colcon.colcon_core.environment:create_file_with_runtime_dependencies(/root/colcon_ws/install/volcano_ark_ros/share/colcon-core/packages/volcano_ark_ros)
[11.466s] DEBUG:colcon.colcon_parallel_executor.executor.parallel:closing loop
[11.466s] DEBUG:colcon.colcon_ros_domain_id_coordinator.shell.ros_domain_id:Released ROS_DOMAIN_ID=94 for '/root/colcon_ws/build/volcano_ark_ros'
[11.468s] DEBUG:colcon.colcon_parallel_executor.executor.parallel:loop closed
[11.468s] DEBUG:colcon.colcon_parallel_executor.executor.parallel:run_until_complete finished with '0'
[11.469s] DEBUG:colcon.colcon_core.event_reactor:joining thread
[11.501s] INFO:colcon.colcon_core.plugin_system:Skipping extension 'colcon_notification.desktop_notification.notify_send': Could not find 'notify-send'
[11.501s] INFO:colcon.colcon_core.plugin_system:Skipping extension 'colcon_notification.desktop_notification.terminal_notifier': Not used on non-Darwin systems
[11.502s] INFO:colcon.colcon_core.plugin_system:Skipping extension 'colcon_notification.desktop_notification.win32': Not used on non-Windows systems
[11.502s] INFO:colcon.colcon_notification.desktop_notification:Sending desktop notification using 'notify2'
[11.516s] DEBUG:colcon.colcon_notification.desktop_notification.notify2:Failed to initialize notify2: org.freedesktop.DBus.Error.Spawn.ExecFailed: /usr/bin/dbus-launch terminated abnormally without any error message
[11.518s] DEBUG:colcon.colcon_core.event_reactor:joined thread
[11.520s] INFO:colcon.colcon_core.shell:Creating prefix script '/root/colcon_ws/install/local_setup.ps1'
[11.528s] INFO:colcon.colcon_core.shell:Creating prefix util module '/root/colcon_ws/install/_local_setup_util_ps1.py'
[11.539s] INFO:colcon.colcon_core.shell:Creating prefix chain script '/root/colcon_ws/install/setup.ps1'
[11.561s] INFO:colcon.colcon_core.shell:Creating prefix script '/root/colcon_ws/install/local_setup.sh'
[11.566s] INFO:colcon.colcon_core.shell:Creating prefix util module '/root/colcon_ws/install/_local_setup_util_sh.py'
[11.570s] INFO:colcon.colcon_core.shell:Creating prefix chain script '/root/colcon_ws/install/setup.sh'
[11.584s] INFO:colcon.colcon_core.shell:Creating prefix script '/root/colcon_ws/install/local_setup.bash'
[11.588s] INFO:colcon.colcon_core.shell:Creating prefix chain script '/root/colcon_ws/install/setup.bash'
[11.598s] INFO:colcon.colcon_core.shell:Creating prefix script '/root/colcon_ws/install/local_setup.zsh'
[11.601s] INFO:colcon.colcon_core.shell:Creating prefix chain script '/root/colcon_ws/install/setup.zsh'
[11.612s] INFO:colcon.colcon_core.shell:Creating '/root/colcon_ws/install/spawn_shell.bash'
