[5.143s] Invoking command in '/root/colcon_ws/src/volcano_ark_ros': PYTHONPATH=/root/colcon_ws/build/volcano_ark_ros/prefix_override:/usr/lib/python3/dist-packages/colcon_core/task/python/colcon_distutils_commands:/root/colcon_ws/install/volcano_ark_ros/lib/python3.10/site-packages:${PYTHONPATH} /usr/bin/python3 -W ignore:setup.py install is deprecated -W ignore:easy_install command is deprecated setup.py egg_info --egg-base ../../build/volcano_ark_ros build --build-base /root/colcon_ws/build/volcano_ark_ros/build install --record /root/colcon_ws/build/volcano_ark_ros/install.log --single-version-externally-managed install_data
[6.885s] running egg_info
[6.897s] writing ../../build/volcano_ark_ros/volcano_ark_ros.egg-info/PKG-INFO
[6.903s] writing dependency_links to ../../build/volcano_ark_ros/volcano_ark_ros.egg-info/dependency_links.txt
[6.904s] writing entry points to ../../build/volcano_ark_ros/volcano_ark_ros.egg-info/entry_points.txt
[6.905s] writing requirements to ../../build/volcano_ark_ros/volcano_ark_ros.egg-info/requires.txt
[6.905s] writing top-level names to ../../build/volcano_ark_ros/volcano_ark_ros.egg-info/top_level.txt
[6.926s] reading manifest file '../../build/volcano_ark_ros/volcano_ark_ros.egg-info/SOURCES.txt'
[6.933s] writing manifest file '../../build/volcano_ark_ros/volcano_ark_ros.egg-info/SOURCES.txt'
[6.933s] running build
[6.934s] running build_py
[6.940s] running install
[6.941s] running install_lib
[6.947s] copying /root/colcon_ws/build/volcano_ark_ros/build/lib/volcano_ark_ros/text_to_speech_node.py -> /root/colcon_ws/install/volcano_ark_ros/lib/python3.10/site-packages/volcano_ark_ros
[6.952s] copying /root/colcon_ws/build/volcano_ark_ros/build/lib/volcano_ark_ros/web_interface_node.py -> /root/colcon_ws/install/volcano_ark_ros/lib/python3.10/site-packages/volcano_ark_ros
[6.952s] copying /root/colcon_ws/build/volcano_ark_ros/build/lib/volcano_ark_ros/image_publisher_node.py -> /root/colcon_ws/install/volcano_ark_ros/lib/python3.10/site-packages/volcano_ark_ros
[6.953s] copying /root/colcon_ws/build/volcano_ark_ros/build/lib/volcano_ark_ros/__init__.py -> /root/colcon_ws/install/volcano_ark_ros/lib/python3.10/site-packages/volcano_ark_ros
[6.954s] copying /root/colcon_ws/build/volcano_ark_ros/build/lib/volcano_ark_ros/originman_action_node.py -> /root/colcon_ws/install/volcano_ark_ros/lib/python3.10/site-packages/volcano_ark_ros
[6.954s] copying /root/colcon_ws/build/volcano_ark_ros/build/lib/volcano_ark_ros/image_caption_node.py -> /root/colcon_ws/install/volcano_ark_ros/lib/python3.10/site-packages/volcano_ark_ros
[6.957s] byte-compiling /root/colcon_ws/install/volcano_ark_ros/lib/python3.10/site-packages/volcano_ark_ros/text_to_speech_node.py to text_to_speech_node.cpython-310.pyc
[6.997s] byte-compiling /root/colcon_ws/install/volcano_ark_ros/lib/python3.10/site-packages/volcano_ark_ros/web_interface_node.py to web_interface_node.cpython-310.pyc
[7.018s] byte-compiling /root/colcon_ws/install/volcano_ark_ros/lib/python3.10/site-packages/volcano_ark_ros/image_publisher_node.py to image_publisher_node.cpython-310.pyc
[7.023s] byte-compiling /root/colcon_ws/install/volcano_ark_ros/lib/python3.10/site-packages/volcano_ark_ros/__init__.py to __init__.cpython-310.pyc
[7.023s] byte-compiling /root/colcon_ws/install/volcano_ark_ros/lib/python3.10/site-packages/volcano_ark_ros/originman_action_node.py to originman_action_node.cpython-310.pyc
[7.035s] byte-compiling /root/colcon_ws/install/volcano_ark_ros/lib/python3.10/site-packages/volcano_ark_ros/image_caption_node.py to image_caption_node.cpython-310.pyc
[7.042s] running install_data
[7.043s] running install_egg_info
[7.053s] removing '/root/colcon_ws/install/volcano_ark_ros/lib/python3.10/site-packages/volcano_ark_ros-0.0.0-py3.10.egg-info' (and everything under it)
[7.060s] Copying ../../build/volcano_ark_ros/volcano_ark_ros.egg-info to /root/colcon_ws/install/volcano_ark_ros/lib/python3.10/site-packages/volcano_ark_ros-0.0.0-py3.10.egg-info
[7.067s] running install_scripts
[7.205s] Installing image_caption_node script to /root/colcon_ws/install/volcano_ark_ros/lib/volcano_ark_ros
[7.216s] Installing image_publisher_node script to /root/colcon_ws/install/volcano_ark_ros/lib/volcano_ark_ros
[7.217s] Installing originman_action_node script to /root/colcon_ws/install/volcano_ark_ros/lib/volcano_ark_ros
[7.218s] Installing text_to_speech_node script to /root/colcon_ws/install/volcano_ark_ros/lib/volcano_ark_ros
[7.218s] Installing web_interface_node script to /root/colcon_ws/install/volcano_ark_ros/lib/volcano_ark_ros
[7.225s] writing list of installed files to '/root/colcon_ws/build/volcano_ark_ros/install.log'
[7.463s] Invoked command in '/root/colcon_ws/src/volcano_ark_ros' returned '0': PYTHONPATH=/root/colcon_ws/build/volcano_ark_ros/prefix_override:/usr/lib/python3/dist-packages/colcon_core/task/python/colcon_distutils_commands:/root/colcon_ws/install/volcano_ark_ros/lib/python3.10/site-packages:${PYTHONPATH} /usr/bin/python3 -W ignore:setup.py install is deprecated -W ignore:easy_install command is deprecated setup.py egg_info --egg-base ../../build/volcano_ark_ros build --build-base /root/colcon_ws/build/volcano_ark_ros/build install --record /root/colcon_ws/build/volcano_ark_ros/install.log --single-version-externally-managed install_data
