[1.944s] DEBUG:colcon:Command line arguments: ['/usr/bin/colcon', 'build']
[1.945s] DEBUG:colcon:Parsed command line arguments: Namespace(log_base=None, log_level=None, verb_name='build', build_base='build', install_base='install', merge_install=False, symlink_install=False, test_result_base=None, continue_on_error=False, executor='parallel', parallel_workers=8, event_handlers=None, ignore_user_meta=False, metas=['./colcon.meta'], base_paths=['.'], packages_ignore=None, packages_ignore_regex=None, paths=None, packages_up_to=None, packages_up_to_regex=None, packages_above=None, packages_above_and_dependencies=None, packages_above_depth=None, packages_select_by_dep=None, packages_skip_by_dep=None, packages_skip_up_to=None, packages_select_build_failed=False, packages_skip_build_finished=False, packages_select_test_failures=False, packages_skip_test_passed=False, packages_select=None, packages_skip=None, packages_select_regex=None, packages_skip_regex=None, packages_start=None, packages_end=None, allow_overriding=[], bazel_args=None, bazel_task=None, cmake_args=None, cmake_target=None, cmake_target_skip_unavailable=False, cmake_clean_cache=False, cmake_clean_first=False, cmake_force_configure=False, meson_args=[], ament_cmake_args=None, catkin_cmake_args=None, catkin_skip_building_tests=False, mixin_files=None, mixin=None, verb_parser=<colcon_alias.argument_parser.alias.AliasArgumentDecorator object at 0xffffa3b8e740>, verb_extension=<colcon_core.verb.build.BuildVerb object at 0xffffa3b8d570>, main=<bound method BuildVerb.main of <colcon_core.verb.build.BuildVerb object at 0xffffa3b8d570>>, mixin_verb=('build',))
[3.422s] Level 1:colcon.colcon_core.package_discovery:discover_packages(colcon_meta) check parameters
[3.423s] Level 1:colcon.colcon_core.package_discovery:discover_packages(recursive) check parameters
[3.423s] Level 1:colcon.colcon_core.package_discovery:discover_packages(ignore) check parameters
[3.423s] Level 1:colcon.colcon_core.package_discovery:discover_packages(path) check parameters
[3.423s] Level 1:colcon.colcon_core.package_discovery:discover_packages(colcon_meta) discover
[3.423s] Level 1:colcon.colcon_core.package_discovery:discover_packages(recursive) discover
[3.424s] INFO:colcon.colcon_core.package_discovery:Crawling recursively for packages in '/root/colcon_ws'
[3.425s] Level 1:colcon.colcon_core.package_identification:_identify(.) by extensions ['ignore', 'ignore_ament_install']
[3.425s] Level 1:colcon.colcon_core.package_identification:_identify(.) by extension 'ignore'
[3.426s] Level 1:colcon.colcon_core.package_identification:_identify(.) by extension 'ignore_ament_install'
[3.426s] Level 1:colcon.colcon_core.package_identification:_identify(.) by extensions ['colcon_pkg']
[3.426s] Level 1:colcon.colcon_core.package_identification:_identify(.) by extension 'colcon_pkg'
[3.426s] Level 1:colcon.colcon_core.package_identification:_identify(.) by extensions ['colcon_meta']
[3.427s] Level 1:colcon.colcon_core.package_identification:_identify(.) by extension 'colcon_meta'
[3.427s] Level 1:colcon.colcon_core.package_identification:_identify(.) by extensions ['ros']
[3.427s] Level 1:colcon.colcon_core.package_identification:_identify(.) by extension 'ros'
[3.443s] Level 1:colcon.colcon_core.package_identification:_identify(.) by extensions ['bazel', 'cmake', 'meson', 'python']
[3.443s] Level 1:colcon.colcon_core.package_identification:_identify(.) by extension 'bazel'
[3.444s] Level 1:colcon.colcon_core.package_identification:_identify(.) by extension 'cmake'
[3.444s] Level 1:colcon.colcon_core.package_identification:_identify(.) by extension 'meson'
[3.444s] Level 1:colcon.colcon_core.package_identification:_identify(.) by extension 'python'
[3.445s] Level 1:colcon.colcon_core.package_identification:_identify(.) by extensions ['python_setup_py']
[3.445s] Level 1:colcon.colcon_core.package_identification:_identify(.) by extension 'python_setup_py'
[3.446s] Level 1:colcon.colcon_core.package_identification:_identify(build) by extensions ['ignore', 'ignore_ament_install']
[3.446s] Level 1:colcon.colcon_core.package_identification:_identify(build) by extension 'ignore'
[3.447s] Level 1:colcon.colcon_core.package_identification:_identify(build) ignored
[3.448s] Level 1:colcon.colcon_core.package_identification:_identify(install) by extensions ['ignore', 'ignore_ament_install']
[3.448s] Level 1:colcon.colcon_core.package_identification:_identify(install) by extension 'ignore'
[3.448s] Level 1:colcon.colcon_core.package_identification:_identify(install) ignored
[3.449s] Level 1:colcon.colcon_core.package_identification:_identify(log) by extensions ['ignore', 'ignore_ament_install']
[3.449s] Level 1:colcon.colcon_core.package_identification:_identify(log) by extension 'ignore'
[3.450s] Level 1:colcon.colcon_core.package_identification:_identify(log) ignored
[3.450s] Level 1:colcon.colcon_core.package_identification:_identify(src) by extensions ['ignore', 'ignore_ament_install']
[3.451s] Level 1:colcon.colcon_core.package_identification:_identify(src) by extension 'ignore'
[3.451s] Level 1:colcon.colcon_core.package_identification:_identify(src) by extension 'ignore_ament_install'
[3.452s] Level 1:colcon.colcon_core.package_identification:_identify(src) by extensions ['colcon_pkg']
[3.452s] Level 1:colcon.colcon_core.package_identification:_identify(src) by extension 'colcon_pkg'
[3.452s] Level 1:colcon.colcon_core.package_identification:_identify(src) by extensions ['colcon_meta']
[3.452s] Level 1:colcon.colcon_core.package_identification:_identify(src) by extension 'colcon_meta'
[3.452s] Level 1:colcon.colcon_core.package_identification:_identify(src) by extensions ['ros']
[3.453s] Level 1:colcon.colcon_core.package_identification:_identify(src) by extension 'ros'
[3.453s] Level 1:colcon.colcon_core.package_identification:_identify(src) by extensions ['bazel', 'cmake', 'meson', 'python']
[3.453s] Level 1:colcon.colcon_core.package_identification:_identify(src) by extension 'bazel'
[3.454s] Level 1:colcon.colcon_core.package_identification:_identify(src) by extension 'cmake'
[3.454s] Level 1:colcon.colcon_core.package_identification:_identify(src) by extension 'meson'
[3.454s] Level 1:colcon.colcon_core.package_identification:_identify(src) by extension 'python'
[3.455s] Level 1:colcon.colcon_core.package_identification:_identify(src) by extensions ['python_setup_py']
[3.455s] Level 1:colcon.colcon_core.package_identification:_identify(src) by extension 'python_setup_py'
[3.456s] Level 1:colcon.colcon_core.package_identification:_identify(src/volcano_ark_ros) by extensions ['ignore', 'ignore_ament_install']
[3.456s] Level 1:colcon.colcon_core.package_identification:_identify(src/volcano_ark_ros) by extension 'ignore'
[3.457s] Level 1:colcon.colcon_core.package_identification:_identify(src/volcano_ark_ros) by extension 'ignore_ament_install'
[3.457s] Level 1:colcon.colcon_core.package_identification:_identify(src/volcano_ark_ros) by extensions ['colcon_pkg']
[3.457s] Level 1:colcon.colcon_core.package_identification:_identify(src/volcano_ark_ros) by extension 'colcon_pkg'
[3.457s] Level 1:colcon.colcon_core.package_identification:_identify(src/volcano_ark_ros) by extensions ['colcon_meta']
[3.458s] Level 1:colcon.colcon_core.package_identification:_identify(src/volcano_ark_ros) by extension 'colcon_meta'
[3.458s] Level 1:colcon.colcon_core.package_identification:_identify(src/volcano_ark_ros) by extensions ['ros']
[3.458s] Level 1:colcon.colcon_core.package_identification:_identify(src/volcano_ark_ros) by extension 'ros'
[3.471s] DEBUG:colcon.colcon_core.package_identification:Package 'src/volcano_ark_ros' with type 'ros.ament_python' and name 'volcano_ark_ros'
[3.472s] Level 1:colcon.colcon_core.package_discovery:discover_packages(recursive) using defaults
[3.472s] Level 1:colcon.colcon_core.package_discovery:discover_packages(ignore) discover
[3.472s] Level 1:colcon.colcon_core.package_discovery:discover_packages(ignore) using defaults
[3.472s] Level 1:colcon.colcon_core.package_discovery:discover_packages(path) discover
[3.473s] Level 1:colcon.colcon_core.package_discovery:discover_packages(path) using defaults
[3.580s] Level 1:colcon.colcon_core.package_discovery:discover_packages(prefix_path) check parameters
[3.581s] Level 1:colcon.colcon_core.package_discovery:discover_packages(prefix_path) discover
[3.607s] DEBUG:colcon.colcon_installed_package_information.package_discovery:Found 1 installed packages in /root/colcon_ws/install
[3.614s] DEBUG:colcon.colcon_installed_package_information.package_discovery:Found 20 installed packages in /userdata/dev_ws/install
[3.619s] DEBUG:colcon.colcon_installed_package_information.package_discovery:Found 54 installed packages in /opt/tros/humble
[3.630s] DEBUG:colcon.colcon_installed_package_information.package_discovery:Found 187 installed packages in /opt/ros/humble
[3.648s] Level 1:colcon.colcon_core.package_discovery:discover_packages(prefix_path) using defaults
[3.944s] Level 5:colcon.colcon_core.verb:set package 'volcano_ark_ros' build argument 'bazel_args' from command line to 'None'
[3.945s] Level 5:colcon.colcon_core.verb:set package 'volcano_ark_ros' build argument 'bazel_task' from command line to 'None'
[3.945s] Level 5:colcon.colcon_core.verb:set package 'volcano_ark_ros' build argument 'cmake_args' from command line to 'None'
[3.945s] Level 5:colcon.colcon_core.verb:set package 'volcano_ark_ros' build argument 'cmake_target' from command line to 'None'
[3.945s] Level 5:colcon.colcon_core.verb:set package 'volcano_ark_ros' build argument 'cmake_target_skip_unavailable' from command line to 'False'
[3.945s] Level 5:colcon.colcon_core.verb:set package 'volcano_ark_ros' build argument 'cmake_clean_cache' from command line to 'False'
[3.946s] Level 5:colcon.colcon_core.verb:set package 'volcano_ark_ros' build argument 'cmake_clean_first' from command line to 'False'
[3.946s] Level 5:colcon.colcon_core.verb:set package 'volcano_ark_ros' build argument 'cmake_force_configure' from command line to 'False'
[3.946s] Level 5:colcon.colcon_core.verb:set package 'volcano_ark_ros' build argument 'meson_args' from command line to '[]'
[3.946s] Level 5:colcon.colcon_core.verb:set package 'volcano_ark_ros' build argument 'ament_cmake_args' from command line to 'None'
[3.946s] Level 5:colcon.colcon_core.verb:set package 'volcano_ark_ros' build argument 'catkin_cmake_args' from command line to 'None'
[3.947s] Level 5:colcon.colcon_core.verb:set package 'volcano_ark_ros' build argument 'catkin_skip_building_tests' from command line to 'False'
[3.947s] DEBUG:colcon.colcon_core.verb:Building package 'volcano_ark_ros' with the following arguments: {'ament_cmake_args': None, 'bazel_args': None, 'bazel_task': None, 'build_base': '/root/colcon_ws/build/volcano_ark_ros', 'catkin_cmake_args': None, 'catkin_skip_building_tests': False, 'cmake_args': None, 'cmake_clean_cache': False, 'cmake_clean_first': False, 'cmake_force_configure': False, 'cmake_target': None, 'cmake_target_skip_unavailable': False, 'install_base': '/root/colcon_ws/install/volcano_ark_ros', 'merge_install': False, 'meson_args': [], 'path': '/root/colcon_ws/src/volcano_ark_ros', 'symlink_install': False, 'test_result_base': None}
[3.948s] INFO:colcon.colcon_core.executor:Executing jobs using 'parallel' executor
[3.953s] DEBUG:colcon.colcon_parallel_executor.executor.parallel:run_until_complete
[3.954s] INFO:colcon.colcon_ros.task.ament_python.build:Building ROS package in '/root/colcon_ws/src/volcano_ark_ros' with build type 'ament_python'
[3.955s] Level 1:colcon.colcon_core.shell:create_environment_hook('volcano_ark_ros', 'ament_prefix_path')
[3.973s] INFO:colcon.colcon_core.plugin_system:Skipping extension 'colcon_core.shell.bat': Not used on non-Windows systems
[3.975s] INFO:colcon.colcon_core.shell:Creating environment hook '/root/colcon_ws/install/volcano_ark_ros/share/volcano_ark_ros/hook/ament_prefix_path.ps1'
[3.979s] INFO:colcon.colcon_core.shell:Creating environment descriptor '/root/colcon_ws/install/volcano_ark_ros/share/volcano_ark_ros/hook/ament_prefix_path.dsv'
[3.982s] INFO:colcon.colcon_core.shell:Creating environment hook '/root/colcon_ws/install/volcano_ark_ros/share/volcano_ark_ros/hook/ament_prefix_path.sh'
[3.987s] DEBUG:colcon.colcon_ros_domain_id_coordinator.shell.ros_domain_id:Allocated ROS_DOMAIN_ID=76 for '/root/colcon_ws/build/volcano_ark_ros'
[3.988s] INFO:colcon.colcon_core.shell:Skip shell extension 'ros_domain_id' for command environment: 
[3.988s] INFO:colcon.colcon_core.shell:Skip shell extension 'powershell' for command environment: Not usable outside of PowerShell
[3.988s] DEBUG:colcon.colcon_core.shell:Skip shell extension 'dsv' for command environment
[5.935s] INFO:colcon.colcon_core.task.python.build:Building Python package in '/root/colcon_ws/src/volcano_ark_ros'
[6.002s] DEBUG:colcon.colcon_ros_domain_id_coordinator.shell.ros_domain_id:Allocated ROS_DOMAIN_ID=76 for '/root/colcon_ws/build/volcano_ark_ros'
[6.008s] INFO:colcon.colcon_core.shell:Skip shell extension 'ros_domain_id' for command environment: 
[6.009s] INFO:colcon.colcon_core.shell:Skip shell extension 'powershell' for command environment: Not usable outside of PowerShell
[6.009s] DEBUG:colcon.colcon_core.shell:Skip shell extension 'dsv' for command environment
[10.287s] DEBUG:colcon.colcon_core.event_handler.log_command:Invoking command in '/root/colcon_ws/src/volcano_ark_ros': PYTHONPATH=/root/colcon_ws/build/volcano_ark_ros/prefix_override:/usr/lib/python3/dist-packages/colcon_core/task/python/colcon_distutils_commands:/root/colcon_ws/install/volcano_ark_ros/lib/python3.10/site-packages:${PYTHONPATH} /usr/bin/python3 -W ignore:setup.py install is deprecated -W ignore:easy_install command is deprecated setup.py egg_info --egg-base ../../build/volcano_ark_ros build --build-base /root/colcon_ws/build/volcano_ark_ros/build install --record /root/colcon_ws/build/volcano_ark_ros/install.log --single-version-externally-managed install_data
[12.466s] DEBUG:colcon.colcon_core.event_handler.log_command:Invoked command in '/root/colcon_ws/src/volcano_ark_ros' returned '0': PYTHONPATH=/root/colcon_ws/build/volcano_ark_ros/prefix_override:/usr/lib/python3/dist-packages/colcon_core/task/python/colcon_distutils_commands:/root/colcon_ws/install/volcano_ark_ros/lib/python3.10/site-packages:${PYTHONPATH} /usr/bin/python3 -W ignore:setup.py install is deprecated -W ignore:easy_install command is deprecated setup.py egg_info --egg-base ../../build/volcano_ark_ros build --build-base /root/colcon_ws/build/volcano_ark_ros/build install --record /root/colcon_ws/build/volcano_ark_ros/install.log --single-version-externally-managed install_data
[12.494s] Level 1:colcon.colcon_core.environment:checking '/root/colcon_ws/install/volcano_ark_ros' for CMake module files
[12.501s] Level 1:colcon.colcon_core.environment:checking '/root/colcon_ws/install/volcano_ark_ros' for CMake config files
[12.513s] Level 1:colcon.colcon_core.environment:checking '/root/colcon_ws/install/volcano_ark_ros/lib'
[12.515s] Level 1:colcon.colcon_core.environment:checking '/root/colcon_ws/install/volcano_ark_ros/bin'
[12.516s] Level 1:colcon.colcon_core.environment:checking '/root/colcon_ws/install/volcano_ark_ros/lib/pkgconfig/volcano_ark_ros.pc'
[12.519s] Level 1:colcon.colcon_core.environment:checking '/root/colcon_ws/install/volcano_ark_ros/lib/python3.10/site-packages'
[12.520s] Level 1:colcon.colcon_core.shell:create_environment_hook('volcano_ark_ros', 'pythonpath')
[12.522s] INFO:colcon.colcon_core.shell:Creating environment hook '/root/colcon_ws/install/volcano_ark_ros/share/volcano_ark_ros/hook/pythonpath.ps1'
[12.525s] INFO:colcon.colcon_core.shell:Creating environment descriptor '/root/colcon_ws/install/volcano_ark_ros/share/volcano_ark_ros/hook/pythonpath.dsv'
[12.527s] INFO:colcon.colcon_core.shell:Creating environment hook '/root/colcon_ws/install/volcano_ark_ros/share/volcano_ark_ros/hook/pythonpath.sh'
[12.531s] Level 1:colcon.colcon_core.environment:checking '/root/colcon_ws/install/volcano_ark_ros/bin'
[12.532s] Level 1:colcon.colcon_core.environment:create_environment_scripts_only(volcano_ark_ros)
[12.535s] INFO:colcon.colcon_core.shell:Creating package script '/root/colcon_ws/install/volcano_ark_ros/share/volcano_ark_ros/package.ps1'
[12.542s] INFO:colcon.colcon_core.shell:Creating package descriptor '/root/colcon_ws/install/volcano_ark_ros/share/volcano_ark_ros/package.dsv'
[12.547s] INFO:colcon.colcon_core.shell:Creating package script '/root/colcon_ws/install/volcano_ark_ros/share/volcano_ark_ros/package.sh'
[12.552s] INFO:colcon.colcon_core.shell:Creating package script '/root/colcon_ws/install/volcano_ark_ros/share/volcano_ark_ros/package.bash'
[12.557s] INFO:colcon.colcon_core.shell:Creating package script '/root/colcon_ws/install/volcano_ark_ros/share/volcano_ark_ros/package.zsh'
[12.563s] Level 1:colcon.colcon_core.environment:create_file_with_runtime_dependencies(/root/colcon_ws/install/volcano_ark_ros/share/colcon-core/packages/volcano_ark_ros)
[12.565s] DEBUG:colcon.colcon_parallel_executor.executor.parallel:closing loop
[12.565s] DEBUG:colcon.colcon_ros_domain_id_coordinator.shell.ros_domain_id:Released ROS_DOMAIN_ID=76 for '/root/colcon_ws/build/volcano_ark_ros'
[12.566s] DEBUG:colcon.colcon_parallel_executor.executor.parallel:loop closed
[12.567s] DEBUG:colcon.colcon_parallel_executor.executor.parallel:run_until_complete finished with '0'
[12.567s] DEBUG:colcon.colcon_core.event_reactor:joining thread
[12.665s] INFO:colcon.colcon_core.plugin_system:Skipping extension 'colcon_notification.desktop_notification.notify_send': Could not find 'notify-send'
[12.666s] INFO:colcon.colcon_core.plugin_system:Skipping extension 'colcon_notification.desktop_notification.terminal_notifier': Not used on non-Darwin systems
[12.667s] INFO:colcon.colcon_core.plugin_system:Skipping extension 'colcon_notification.desktop_notification.win32': Not used on non-Windows systems
[12.667s] INFO:colcon.colcon_notification.desktop_notification:Sending desktop notification using 'notify2'
[12.681s] DEBUG:colcon.colcon_notification.desktop_notification.notify2:Failed to initialize notify2: org.freedesktop.DBus.Error.Spawn.ExecFailed: /usr/bin/dbus-launch terminated abnormally without any error message
[12.682s] DEBUG:colcon.colcon_core.event_reactor:joined thread
[12.685s] INFO:colcon.colcon_core.shell:Creating prefix script '/root/colcon_ws/install/local_setup.ps1'
[12.694s] INFO:colcon.colcon_core.shell:Creating prefix util module '/root/colcon_ws/install/_local_setup_util_ps1.py'
[12.705s] INFO:colcon.colcon_core.shell:Creating prefix chain script '/root/colcon_ws/install/setup.ps1'
[12.731s] INFO:colcon.colcon_core.shell:Creating prefix script '/root/colcon_ws/install/local_setup.sh'
[12.737s] INFO:colcon.colcon_core.shell:Creating prefix util module '/root/colcon_ws/install/_local_setup_util_sh.py'
[12.741s] INFO:colcon.colcon_core.shell:Creating prefix chain script '/root/colcon_ws/install/setup.sh'
[12.754s] INFO:colcon.colcon_core.shell:Creating prefix script '/root/colcon_ws/install/local_setup.bash'
[12.758s] INFO:colcon.colcon_core.shell:Creating prefix chain script '/root/colcon_ws/install/setup.bash'
[12.770s] INFO:colcon.colcon_core.shell:Creating prefix script '/root/colcon_ws/install/local_setup.zsh'
[12.774s] INFO:colcon.colcon_core.shell:Creating prefix chain script '/root/colcon_ws/install/setup.zsh'
[12.786s] INFO:colcon.colcon_core.shell:Creating '/root/colcon_ws/install/spawn_shell.bash'
